0 info it worked if it ends with ok
1 warn npm npm does not support Node.js v7.0.0
2 warn npm You should probably upgrade to a newer version of node as we
3 warn npm can't make any promises that npm will work with this version.
4 warn npm Supported releases of Node.js are the latest release of 6, 8, 9, 10, 11.
5 warn npm You can find the latest version at https://nodejs.org/
6 verbose cli [ '/usr/local/bin/node', '/usr/local/bin/npm', 'run', 'deploy' ]
7 info using npm@6.4.1
8 info using node@v7.0.0
9 verbose run-script [ 'predeploy', 'deploy', 'postdeploy' ]
10 info lifecycle shopify@0.1.0~predeploy: shopify@0.1.0
11 verbose lifecycle shopify@0.1.0~predeploy: unsafe-perm in lifecycle true
12 verbose lifecycle shopify@0.1.0~predeploy: PATH: /usr/local/lib/node_modules/npm/node_modules/npm-lifecycle/node-gyp-bin:/mnt/c/Users/Nabeel/Desktop/shopify/node_modules/.bin:/usr/local/sbin:/usr/local/bin:/usr/sbin:/usr/bin:/sbin:/bin:/usr/games:/usr/local/games:/mnt/c/Program Files (x86)/Common Files/Oracle/Java/javapath_target_490109:/mnt/c/ProgramData/Oracle/Java/javapath_target_546625:/mnt/c/Windows/System32:/mnt/c/Windows:/mnt/c/Windows/System32/wbem:/mnt/c/Windows/System32/WindowsPowerShell/v1.0:/mnt/c/Windows/System32:/mnt/c/Windows:/mnt/c/Windows/System32/wbem:/mnt/c/Windows/System32/WindowsPowerShell/v1.0:/mnt/c/Program Files/Git/cmd:/mnt/c/Program Files (x86)/Windows Live/Shared:/mnt/c/Program Files (x86)/Skype/Phone:/mnt/c/Program Files (x86)/NVIDIA Corporation/PhysX/Common:/mnt/c/Windows/System32:/mnt/c/Windows:/mnt/c/Windows/System32/wbem:/mnt/c/Windows/System32/WindowsPowerShell/v1.0:/mnt/c/Windows/System32/OpenSSH:/mnt/c/Program Files/nodejs:/mnt/c/Program Files/Java/jdk1.8.0_102/bin:/mnt/c/Users/Nabeel/AppData/Local/Microsoft/WindowsApps:/mnt/c/Users/Nabeel/AppData/Local/Programs/Microsoft VS Code/bin:/mnt/c/Users/Nabeel/AppData/Roaming/npm
13 verbose lifecycle shopify@0.1.0~predeploy: CWD: /mnt/c/Users/Nabeel/Desktop/shopify
14 silly lifecycle shopify@0.1.0~predeploy: Args: [ '-c', 'npm run build' ]
15 silly lifecycle shopify@0.1.0~predeploy: Returned: code: 0  signal: null
16 info lifecycle shopify@0.1.0~deploy: shopify@0.1.0
17 verbose lifecycle shopify@0.1.0~deploy: unsafe-perm in lifecycle true
18 verbose lifecycle shopify@0.1.0~deploy: PATH: /usr/local/lib/node_modules/npm/node_modules/npm-lifecycle/node-gyp-bin:/mnt/c/Users/Nabeel/Desktop/shopify/node_modules/.bin:/usr/local/sbin:/usr/local/bin:/usr/sbin:/usr/bin:/sbin:/bin:/usr/games:/usr/local/games:/mnt/c/Program Files (x86)/Common Files/Oracle/Java/javapath_target_490109:/mnt/c/ProgramData/Oracle/Java/javapath_target_546625:/mnt/c/Windows/System32:/mnt/c/Windows:/mnt/c/Windows/System32/wbem:/mnt/c/Windows/System32/WindowsPowerShell/v1.0:/mnt/c/Windows/System32:/mnt/c/Windows:/mnt/c/Windows/System32/wbem:/mnt/c/Windows/System32/WindowsPowerShell/v1.0:/mnt/c/Program Files/Git/cmd:/mnt/c/Program Files (x86)/Windows Live/Shared:/mnt/c/Program Files (x86)/Skype/Phone:/mnt/c/Program Files (x86)/NVIDIA Corporation/PhysX/Common:/mnt/c/Windows/System32:/mnt/c/Windows:/mnt/c/Windows/System32/wbem:/mnt/c/Windows/System32/WindowsPowerShell/v1.0:/mnt/c/Windows/System32/OpenSSH:/mnt/c/Program Files/nodejs:/mnt/c/Program Files/Java/jdk1.8.0_102/bin:/mnt/c/Users/Nabeel/AppData/Local/Microsoft/WindowsApps:/mnt/c/Users/Nabeel/AppData/Local/Programs/Microsoft VS Code/bin:/mnt/c/Users/Nabeel/AppData/Roaming/npm
19 verbose lifecycle shopify@0.1.0~deploy: CWD: /mnt/c/Users/Nabeel/Desktop/shopify
20 silly lifecycle shopify@0.1.0~deploy: Args: [ '-c', 'gh-pages -d build' ]
21 silly lifecycle shopify@0.1.0~deploy: Returned: code: 1  signal: null
22 info lifecycle shopify@0.1.0~deploy: Failed to exec deploy script
23 verbose stack Error: shopify@0.1.0 deploy: `gh-pages -d build`
23 verbose stack Exit status 1
23 verbose stack     at EventEmitter.<anonymous> (/usr/local/lib/node_modules/npm/node_modules/npm-lifecycle/index.js:301:16)
23 verbose stack     at emitTwo (events.js:106:13)
23 verbose stack     at EventEmitter.emit (events.js:191:7)
23 verbose stack     at ChildProcess.<anonymous> (/usr/local/lib/node_modules/npm/node_modules/npm-lifecycle/lib/spawn.js:55:14)
23 verbose stack     at emitTwo (events.js:106:13)
23 verbose stack     at ChildProcess.emit (events.js:191:7)
23 verbose stack     at maybeClose (internal/child_process.js:877:16)
23 verbose stack     at Process.ChildProcess._handle.onexit (internal/child_process.js:226:5)
24 verbose pkgid shopify@0.1.0
25 verbose cwd /mnt/c/Users/Nabeel/Desktop/shopify
26 verbose Linux 4.4.0-17134-Microsoft
27 verbose argv "/usr/local/bin/node" "/usr/local/bin/npm" "run" "deploy"
28 verbose node v7.0.0
29 verbose npm  v6.4.1
30 error code ELIFECYCLE
31 error errno 1
32 error shopify@0.1.0 deploy: `gh-pages -d build`
32 error Exit status 1
33 error Failed at the shopify@0.1.0 deploy script.
33 error This is probably not a problem with npm. There is likely additional logging output above.
34 verbose exit [ 1, true ]
